
Showing logs for build [32mcb-kubecd-environment-pr-1237-1-2smnw-1[0m stage [32mfrom-build-pack[0m and container [32mstep-credential-initializer-zjz6k[0m
{"level":"warn","ts":1583401228.289279,"logger":"fallback-logger","caller":"logging/config.go:69","msg":"Fetch GitHub commit ID from kodata failed: \"ref: refs/heads/0.8.0-**-support-backwards-incompats\" is not a valid GitHub commit ID"}
{"level":"info","ts":1583401228.2901096,"logger":"fallback-logger","caller":"creds-init/main.go:40","msg":"Credentials initialized."}

Showing logs for build [32mcb-kubecd-environment-pr-1237-1-2smnw-1[0m stage [32mfrom-build-pack[0m and container [32mstep-working-dir-initializer-k8r8p[0m
{"level":"warn","ts":1583401229.285868,"logger":"fallback-logger","caller":"logging/config.go:69","msg":"Fetch GitHub commit ID from kodata failed: open /var/run/ko/HEAD: no such file or directory"}
{"level":"info","ts":1583401229.2875626,"logger":"fallback-logger","caller":"bash/main.go:64","msg":"Successfully executed command \"sh -c mkdir -p /workspace/source\"; output "}

Showing logs for build [32mcb-kubecd-environment-pr-1237-1-2smnw-1[0m stage [32mfrom-build-pack[0m and container [32mstep-place-tools[0m

Showing logs for build [32mcb-kubecd-environment-pr-1237-1-2smnw-1[0m stage [32mfrom-build-pack[0m and container [32mstep-git-source-cb-kubecd-environment-pr-1237-1-2smnw-9dpdg[0m
{"level":"warn","ts":1583401259.3476493,"logger":"fallback-logger","caller":"logging/config.go:69","msg":"Fetch GitHub commit ID from kodata failed: \"ref: refs/heads/0.8.0-**-support-backwards-incompats\" is not a valid GitHub commit ID"}
{"level":"info","ts":1583401260.5222747,"logger":"fallback-logger","caller":"git/git.go:103","msg":"Successfully cloned https://github.com/cb-kubecd/environment-pr-1237-10-bdd-frontend-staging.git @ master in path /workspace/source"}

Showing logs for build [32mcb-kubecd-environment-pr-1237-1-2smnw-1[0m stage [32mfrom-build-pack[0m and container [32mstep-git-merge[0m
Using SHAs from PULL_REFS=master:49f634ccddb9c85dc8c9c3ffdd11cabd052d1b5b,1:646c9849c1b4d75d6bb7ed12ff2bd57be06002e9
DEBUG: LC_ALL=C JX_LOG_LEVEL=error git fetch origin --unshallow 646c9849c1b4d75d6bb7ed12ff2bd57be06002e9: 49f634ccddb9c85dc8c9c3ffdd11cabd052d1b5b:
DEBUG: ran git fetch --unshallow origin 646c9849c1b4d75d6bb7ed12ff2bd57be06002e9: 49f634ccddb9c85dc8c9c3ffdd11cabd052d1b5b: in 
DEBUG: LC_ALL=C JX_LOG_LEVEL=error git branch
DEBUG: JX_LOG_LEVEL=error LC_ALL=C git checkout master
DEBUG: ran git checkout master in 
DEBUG: LC_ALL=C JX_LOG_LEVEL=error git reset --hard 49f634ccddb9c85dc8c9c3ffdd11cabd052d1b5b
DEBUG: ran git reset --hard 49f634ccddb9c85dc8c9c3ffdd11cabd052d1b5b in 
DEBUG: LC_ALL=C JX_LOG_LEVEL=error git clean -fd .
DEBUG: ran clean --force -d . in 
DEBUG: LC_ALL=C JX_LOG_LEVEL=error git merge 646c9849c1b4d75d6bb7ed12ff2bd57be06002e9
DEBUG: ran git merge 646c9849c1b4d75d6bb7ed12ff2bd57be06002e9 in 
DEBUG: JX_LOG_LEVEL=error LC_ALL=C git log --format=%H%x1f%an%x1f%ae%x1f%cn%x1f%ce%x1f%s%n%b%x1e 49f634ccddb9c85dc8c9c3ffdd11cabd052d1b5b..HEAD
Merged SHA 646c9849c1b4d75d6bb7ed12ff2bd57be06002e9 with commit message 'chore: Promote bdd-nh-1583400183 to version 0.0.1' into base branch master

Showing logs for build [32mcb-kubecd-environment-pr-1237-1-2smnw-1[0m stage [32mfrom-build-pack[0m and container [32mstep-build-helm-build[0m
WARNING: No $CHART_REPOSITORY defined so using the default value of: http://jenkins-x-chartmuseum:8080
Adding missing Helm repo: storage.googleapis.com https://storage.googleapis.com/chartmuseum.jenkins-x.io
WARNING: No secrets found on "helm/repos" due: reading the secret "helm/repos" from vault: no secret "helm/repos" not found in vault
Read credentials for https://storage.googleapis.com/chartmuseum.jenkins-x.io from vault helm/repos
Successfully added Helm repository storage.googleapis.com.
Adding missing Helm repo: jenkins-x-chartmuseum http://jenkins-x-chartmuseum:8080
WARNING: No secrets found on "helm/repos" due: reading the secret "helm/repos" from vault: no secret "helm/repos" not found in vault
Read credentials for http://jenkins-x-chartmuseum:8080 from vault helm/repos
Successfully added Helm repository jenkins-x-chartmuseum.
WARNING: No $CHART_REPOSITORY defined so using the default value of: http://jenkins-x-chartmuseum:8080
Adding missing Helm repo: chartmuseum.jenkins-x.io http://chartmuseum.jenkins-x.io
WARNING: No secrets found on "helm/repos" due: reading the secret "helm/repos" from vault: no secret "helm/repos" not found in vault
Read credentials for http://chartmuseum.jenkins-x.io from vault helm/repos
Successfully added Helm repository chartmuseum.jenkins-x.io.
